[2026-05-09T06:20:36Z] === ENRICH ITERATION 1 START | repo=eyre-rs/eyre sha=b6075394 ===
[2026-05-09T06:20:36Z] [iter=1] PHASE START: enrich repo=eyre-rs/eyre sha=b6075394 runlog=/home/runner/work/forx/forx/storage/aggregate/lsp/logs/b6075394-enrich-iter-001.log output=/home/runner/work/forx/forx/storage/aggregate/lsp/b6075394bcaaa8cc311321239f8964099bb02a88.nq.gz
[2026-05-09T06:20:48Z] [iter=1] Step 1: Loading AST into disk-backed store mem_mb=78 MB
[2026-05-09T06:20:49Z] [iter=1] AST store loaded triples=124646 load_secs=1 mem_mb=258 MB
[2026-05-09T06:20:49Z] [iter=1] Step 2: Finding LSP targets mem_mb=258 MB
[2026-05-09T06:20:49Z] [iter=1] LSP targets found call_sites=742 imports=72 extends=0 implements=150 secs=0
[2026-05-09T06:20:49Z] [iter=1] Step 2.7: Building position index (one-shot, shared across resolvers) mem_mb=258 MB
[2026-05-09T06:20:50Z] [iter=1] Position index built positions=8954 nodes_with_types=10193 secs=1 mem_mb=258 MB
[2026-05-09T06:20:50Z] [iter=1] Step 3: Starting LSP resolution mem_mb=258 MB already_completed_types=[] already_completed_files=0
[2026-05-09T06:20:50Z] [iter=1] Resolving target type target_type=call_site count=742
[2026-05-09T06:21:14Z] [iter=1] HEARTBEAT target_type=call_site elapsed_min=0.6 files_done=1 resolved=9 errors=1 current=tests/test_location.rs
[2026-05-09T06:21:31Z] [iter=1] Target type resolved target_type=call_site resolved=409 errors=300 secs=41 mem_mb=258 MB
[2026-05-09T06:21:31Z] [iter=1] Resolving target type target_type=import_statement count=72
[2026-05-09T06:21:42Z] [iter=1] Target type resolved target_type=import_statement resolved=71 errors=0 secs=12 mem_mb=258 MB
[2026-05-09T06:21:42Z] [iter=1] Resolving target type target_type=implements_clause count=150
[2026-05-09T06:21:53Z] [iter=1] HEARTBEAT target_type=implements_clause elapsed_min=1.3 files_done=1 resolved=11 errors=0 current=src/context.rs
[2026-05-09T06:21:54Z] [iter=1] Target type resolved target_type=implements_clause resolved=150 errors=0 secs=12 mem_mb=258 MB
[2026-05-09T06:22:06Z] [iter=1] Step 5: Writing final enrichment file triples=7799
[2026-05-09T06:22:06Z] [iter=1] Enrichment file written path=/home/runner/work/forx/forx/storage/aggregate/lsp/b6075394bcaaa8cc311321239f8964099bb02a88.nq.gz size_kb=131
[2026-05-09T06:22:06Z] [iter=1] PHASE END: enrich elapsed_s=90 elapsed_min=1.5 total_triples=7799
